<?xml version="1.0" encoding="UTF-8"?>
<testsuite name="org.example.Usersvc.service.UserSecretsArnServiceTest" tests="12" skipped="0" failures="4" errors="0" timestamp="2025-08-15T15:04:48.762Z" hostname="SEOKYEEUN" time="0.354">
  <properties/>
  <testcase name="AWS Secrets Manager 저장 실패 시 예외가 발생한다" classname="org.example.Usersvc.service.UserSecretsArnServiceTest" time="0.227">
    <failure message="java.lang.AssertionError: &#13;&#10;Expecting throwable message:&#13;&#10;  &quot;사용자 키 저장에 실패했습니다.&quot;&#13;&#10;to contain:&#13;&#10;  &quot;AWS API Error&quot;&#13;&#10;but did not.&#13;&#10;&#13;&#10;Throwable that failed the check:&#13;&#10;&#13;&#10;java.lang.RuntimeException: 사용자 키 저장에 실패했습니다.&#13;&#10;&#9;at org.example.Usersvc.service.UserSecretsArnService.storeUserSecret(UserSecretsArnService.java:105)&#13;&#10;&#9;at org.example.Usersvc.service.UserSecretsArnServiceTest.lambda$storeUserSecret_AWSFailure$0(UserSecretsArnServiceTest.java:142)&#13;&#10;&#9;at org.assertj.core.api.ThrowableAssert.catchThrowable(ThrowableAssert.java:63)&#13;&#10;&#9;at org.assertj.core.api.AssertionsForClassTypes.catchThrowable(AssertionsForClassTypes.java:904)&#13;&#10;&#9;at org.assertj.core.api.Assertions.catchThrowable(Assertions.java:1472)&#13;&#10;&#9;at org.assertj.core.api.Assertions.assertThatThrownBy(Assertions.java:1315)&#13;&#10;&#9;at org.example.Usersvc.service.UserSecretsArnServiceTest.storeUserSecret_AWSFailure(UserSecretsArnServiceTest.java:141)&#13;&#10;&#9;at java.base/jdk.internal.reflect.NativeMethodAccessorImpl.invoke0(Native Method)&#13;&#10;&#9;at java.base/jdk.internal.reflect.NativeMethodAccessorImpl.invoke(NativeMethodAccessorImpl.java:77)&#13;&#10;&#9;at java.base/jdk.internal.reflect.DelegatingMethodAccessorImpl.invoke(DelegatingMethodAccessorImpl.java:43)&#13;&#10;&#9;at java.base/java.lang.reflect.Method.invoke(Method.java:569)&#13;&#10;&#9;at org.junit.platform.commons.util.ReflectionUtils.invokeMethod(ReflectionUtils.java:775)&#13;&#10;&#9;at org.junit.platform.commons.support.ReflectionSupport.invokeMethod(ReflectionSupport.java:479)&#13;&#10;&#9;at org.junit.jupiter.engine.execution.MethodInvocation.proceed(MethodInvocation.java:60)&#13;&#10;&#9;at org.junit.jupiter.engine.execution.InvocationInterceptorChain$ValidatingInvocation.proceed(InvocationInterceptorChain.java:131)&#13;&#10;&#9;at org.junit.jupiter.engine.extension.TimeoutExtension.intercept(TimeoutExtension.java:161)&#13;&#10;&#9;at org.junit.jupiter.engine.extension.TimeoutExtension.interceptTestableMethod(TimeoutExtension.java:152)&#13;&#10;&#9;at org.junit.jupiter.engine.extension.TimeoutExtension.interceptTestMethod(TimeoutExtension.java:91)&#13;&#10;&#9;at org.junit.jupiter.engine.execution.InterceptingExecutableInvoker$ReflectiveInterceptorCall.lambda$ofVoidMethod$0(InterceptingExecutableInvoker.java:112)&#13;&#10;&#9;at org.junit.jupiter.engine.execution.InterceptingExecutableInvoker.lambda$invoke$0(InterceptingExecutableInvoker.java:94)&#13;&#10;&#9;at org.junit.jupiter.engine.execution.InvocationInterceptorChain$InterceptedInvocation.proceed(InvocationInterceptorChain.java:106)&#13;&#10;&#9;at org.junit.jupiter.engine.execution.InvocationInterceptorChain.proceed(InvocationInterceptorChain.java:64)&#13;&#10;&#9;at org.junit.jupiter.engine.execution.InvocationInterceptorChain.chainAndInvoke(InvocationInterceptorChain.java:45)&#13;&#10;&#9;at org.junit.jupiter.engine.execution.InvocationInterceptorChain.invoke(InvocationInterceptorChain.java:37)&#13;&#10;&#9;at org.junit.jupiter.engine.execution.InterceptingExecutableInvoker.invoke(InterceptingExecutableInvoker.java:93)&#13;&#10;&#9;at org.junit.jupiter.engine.execution.InterceptingExecutableInvoker.invoke(InterceptingExecutableInvoker.java:87)&#13;&#10;&#9;at org.junit.jupiter.engine.descriptor.TestMethodTestDescriptor.lambda$invokeTestMethod$7(TestMethodTestDescriptor.java:216)&#13;&#10;&#9;at org.junit.platform.engine.support.hierarchical.ThrowableCollector.execute(ThrowableCollector.java:73)&#13;&#10;&#9;at org.junit.jupiter.engine.descriptor.TestMethodTestDescriptor.invokeTestMethod(TestMethodTestDescriptor.java:212)&#13;&#10;&#9;at org.junit.jupiter.engine.descriptor.TestMethodTestDescriptor.execute(TestMethodTestDescriptor.java:137)&#13;&#10;&#9;at org.junit.jupiter.engine.descriptor.TestMethodTestDescriptor.execute(TestMethodTestDescriptor.java:69)&#13;&#10;&#9;at org.junit.platform.engine.support.hierarchical.NodeTestTask.lambda$executeRecursively$6(NodeTestTask.java:156)&#13;&#10;&#9;at org.junit.platform.engine.support.hierarchical.ThrowableCollector.execute(ThrowableCollector.java:73)&#13;&#10;&#9;at org.junit.platform.engine.support.hierarchical.NodeTestTask.lambda$executeRecursively$8(NodeTestTask.java:146)&#13;&#10;&#9;at org.junit.platform.engine.support.hierarchical.Node.around(Node.java:137)&#13;&#10;&#9;at org.junit.platform.engine.support.hierarchical.NodeTestTask.lambda$executeRecursively$9(NodeTestTask.java:144)&#13;&#10;&#9;at org.junit.platform.engine.support.hierarchical.ThrowableCollector.execute(ThrowableCollector.java:73)&#13;&#10;&#9;at org.junit.platform.engine.support.hierarchical.NodeTestTask.executeRecursively(NodeTestTask.java:143)&#13;&#10;&#9;at org.junit.platform.engine.support.hierarchical.NodeTestTask.execute(NodeTestTask.java:100)&#13;&#10;&#9;at java.base/java.util.ArrayList.forEach(ArrayList.java:1511)&#13;&#10;&#9;at org.junit.platform.engine.support.hierarchical.SameThreadHierarchicalTestExecutorService.invokeAll(SameThreadHierarchicalTestExecutorService.java:41)&#13;&#10;&#9;at org.junit.platform.engine.support.hierarchical.NodeTestTask.lambda$executeRecursively$6(NodeTestTask.java:160)&#13;&#10;&#9;at org.junit.platform.engine.support.hierarchical.ThrowableCollector.execute(ThrowableCollector.java:73)&#13;&#10;&#9;at org.junit.platform.engine.support.hierarchical.NodeTestTask.lambda$executeRecursively$8(NodeTestTask.java:146)&#13;&#10;&#9;at org.junit.platform.engine.support.hierarchical.Node.around(Node.java:137)&#13;&#10;&#9;at org.junit.platform.engine.support.hierarchical.NodeTestTask.lambda$executeRecursively$9(NodeTestTask.java:144)&#13;&#10;&#9;at org.junit.platform.engine.support.hierarchical.ThrowableCollector.execute(ThrowableCollector.java:73)&#13;&#10;&#9;at org.junit.platform.engine.support.hierarchical.NodeTestTask.executeRecursively(NodeTestTask.java:143)&#13;&#10;&#9;at org.junit.platform.engine.support.hierarchical.NodeTestTask.execute(NodeTestTask.java:100)&#13;&#10;&#9;at java.base/java.util.ArrayList.forEach(ArrayList.java:1511)&#13;&#10;&#9;at org.junit.platform.engine.support.hierarchical.SameThreadHierarchicalTestExecutorService.invokeAll(SameThreadHierarchicalTestExecutorService.java:41)&#13;&#10;&#9;at org.junit.platform.engine.support.hierarchical.NodeTestTask.lambda$executeRecursively$6(NodeTestTask.java:160)&#13;&#10;&#9;at org.junit.platform.engine.support.hierarchical.ThrowableCollector.execute(ThrowableCollector.java:73)&#13;&#10;&#9;at org.junit.platform.engine.support.hierarchical.NodeTestTask.lambda$executeRecursively$8(NodeTestTask.java:146)&#13;&#10;&#9;at org.junit.platform.engine.support.hierarchical.Node.around(Node.java:137)&#13;&#10;&#9;at org.junit.platform.engine.support.hierarchical.NodeTestTask.lambda$executeRecursively$9(NodeTestTask.java:144)&#13;&#10;&#9;at org.junit.platform.engine.support.hierarchical.ThrowableCollector.execute(ThrowableCollector.java:73)&#13;&#10;&#9;at org.junit.platform.engine.support.hierarchical.NodeTestTask.executeRecursively(NodeTestTask.java:143)&#13;&#10;&#9;at org.junit.platform.engine.support.hierarchical.NodeTestTask.execute(NodeTestTask.java:100)&#13;&#10;&#9;at org.junit.platform.engine.support.hierarchical.SameThreadHierarchicalTestExecutorService.submit(SameThreadHierarchicalTestExecutorService.java:35)&#13;&#10;&#9;at org.junit.platform.engine.support.hierarchical.HierarchicalTestExecutor.execute(HierarchicalTestExecutor.java:57)&#13;&#10;&#9;at org.junit.platform.engine.support.hierarchical.HierarchicalTestEngine.execute(HierarchicalTestEngine.java:54)&#13;&#10;&#9;at org.junit.platform.launcher.core.EngineExecutionOrchestrator.execute(EngineExecutionOrchestrator.java:201)&#13;&#10;&#9;at org.junit.platform.launcher.core.EngineExecutionOrchestrator.execute(EngineExecutionOrchestrator.java:170)&#13;&#10;&#9;at org.junit.platform.launcher.core.EngineExecutionOrchestrator.execute(EngineExecutionOrchestrator.java:94)&#13;&#10;&#9;at org.junit.platform.launcher.core.EngineExecutionOrchestrator.lambda$execute$0(EngineExecutionOrchestrator.java:59)&#13;&#10;&#9;at org.junit.platform.launcher.core.EngineExecutionOrchestrator.withInterceptedStreams(EngineExecutionOrchestrator.java:142)&#13;&#10;&#9;at org.junit.platform.launcher.core.EngineExecutionOrchestrator.execute(EngineExecutionOrchestrator.java:58)&#13;&#10;&#9;at org.junit.platform.launcher.core.DefaultLauncher.execute(DefaultLauncher.java:103)&#13;&#10;&#9;at org.junit.platform.launcher.core.DefaultLauncher.execute(DefaultLauncher.java:85)&#13;&#10;&#9;at org.junit.platform.launcher.core.DelegatingLauncher.execute(DelegatingLauncher.java:47)&#13;&#10;&#9;at org.junit.platform.launcher.core.InterceptingLauncher.lambda$execute$1(InterceptingLauncher.java:39)&#13;&#10;&#9;at org.junit.platform.launcher.core.ClasspathAlignmentCheckingLauncherInterceptor.intercept(ClasspathAlignmentCheckingLauncherInterceptor.java:25)&#13;&#10;&#9;at org.junit.platform.launcher.core.InterceptingLauncher.execute(InterceptingLauncher.java:38)&#13;&#10;&#9;at org.junit.platform.launcher.core.DelegatingLauncher.execute(DelegatingLauncher.java:47)&#13;&#10;&#9;at org.gradle.api.internal.tasks.testing.junitplatform.JUnitPlatformTestClassProcessor$CollectAllTestClassesExecutor.processAllTestClasses(JUnitPlatformTestClassProcessor.java:124)&#13;&#10;&#9;at org.gradle.api.internal.tasks.testing.junitplatform.JUnitPlatformTestClassProcessor$CollectAllTestClassesExecutor.access$000(JUnitPlatformTestClassProcessor.java:99)&#13;&#10;&#9;at org.gradle.api.internal.tasks.testing.junitplatform.JUnitPlatformTestClassProcessor.stop(JUnitPlatformTestClassProcessor.java:94)&#13;&#10;&#9;at org.gradle.api.internal.tasks.testing.SuiteTestClassProcessor.stop(SuiteTestClassProcessor.java:63)&#13;&#10;&#9;at java.base/jdk.internal.reflect.NativeMethodAccessorImpl.invoke0(Native Method)&#13;&#10;&#9;at java.base/jdk.internal.reflect.NativeMethodAccessorImpl.invoke(NativeMethodAccessorImpl.java:77)&#13;&#10;&#9;at java.base/jdk.internal.reflect.DelegatingMethodAccessorImpl.invoke(DelegatingMethodAccessorImpl.java:43)&#13;&#10;&#9;at java.base/java.lang.reflect.Method.invoke(Method.java:569)&#13;&#10;&#9;at org.gradle.internal.dispatch.ReflectionDispatch.dispatch(ReflectionDispatch.java:36)&#13;&#10;&#9;at org.gradle.internal.dispatch.ReflectionDispatch.dispatch(ReflectionDispatch.java:24)&#13;&#10;&#9;at org.gradle.internal.dispatch.ContextClassLoaderDispatch.dispatch(ContextClassLoaderDispatch.java:33)&#13;&#10;&#9;at org.gradle.internal.dispatch.ProxyDispatchAdapter$DispatchingInvocationHandler.invoke(ProxyDispatchAdapter.java:92)&#13;&#10;&#9;at jdk.proxy1/jdk.proxy1.$Proxy4.stop(Unknown Source)&#13;&#10;&#9;at org.gradle.api.internal.tasks.testing.worker.TestWorker$3.run(TestWorker.java:200)&#13;&#10;&#9;at org.gradle.api.internal.tasks.testing.worker.TestWorker.executeAndMaintainThreadName(TestWorker.java:132)&#13;&#10;&#9;at org.gradle.api.internal.tasks.testing.worker.TestWorker.execute(TestWorker.java:103)&#13;&#10;&#9;at org.gradle.api.internal.tasks.testing.worker.TestWorker.execute(TestWorker.java:63)&#13;&#10;&#9;at org.gradle.process.internal.worker.child.ActionExecutionWorker.execute(ActionExecutionWorker.java:56)&#13;&#10;&#9;at org.gradle.process.internal.worker.child.SystemApplicationClassLoaderWorker.call(SystemApplicationClassLoaderWorker.java:122)&#13;&#10;&#9;at org.gradle.process.internal.worker.child.SystemApplicationClassLoaderWorker.call(SystemApplicationClassLoaderWorker.java:72)&#13;&#10;&#9;at worker.org.gradle.process.internal.worker.GradleWorkerMain.run(GradleWorkerMain.java:69)&#13;&#10;&#9;at worker.org.gradle.process.internal.worker.GradleWorkerMain.main(GradleWorkerMain.java:74)&#13;&#10;Caused by: java.lang.RuntimeException: AWS API Error&#13;&#10;&#9;at org.example.Usersvc.service.UserSecretsArnService.storeUserSecret(UserSecretsArnService.java:77)&#13;&#10;&#9;... 96 more&#13;&#10;" type="java.lang.AssertionError">java.lang.AssertionError: 
Expecting throwable message:
  &quot;사용자 키 저장에 실패했습니다.&quot;
to contain:
  &quot;AWS API Error&quot;
but did not.

Throwable that failed the check:

java.lang.RuntimeException: 사용자 키 저장에 실패했습니다.
	at org.example.Usersvc.service.UserSecretsArnService.storeUserSecret(UserSecretsArnService.java:105)
	at org.example.Usersvc.service.UserSecretsArnServiceTest.lambda$storeUserSecret_AWSFailure$0(UserSecretsArnServiceTest.java:142)
	at org.assertj.core.api.ThrowableAssert.catchThrowable(ThrowableAssert.java:63)
	at org.assertj.core.api.AssertionsForClassTypes.catchThrowable(AssertionsForClassTypes.java:904)
	at org.assertj.core.api.Assertions.catchThrowable(Assertions.java:1472)
	at org.assertj.core.api.Assertions.assertThatThrownBy(Assertions.java:1315)
	at org.example.Usersvc.service.UserSecretsArnServiceTest.storeUserSecret_AWSFailure(UserSecretsArnServiceTest.java:141)
	at java.base/jdk.internal.reflect.NativeMethodAccessorImpl.invoke0(Native Method)
	at java.base/jdk.internal.reflect.NativeMethodAccessorImpl.invoke(NativeMethodAccessorImpl.java:77)
	at java.base/jdk.internal.reflect.DelegatingMethodAccessorImpl.invoke(DelegatingMethodAccessorImpl.java:43)
	at java.base/java.lang.reflect.Method.invoke(Method.java:569)
	at org.junit.platform.commons.util.ReflectionUtils.invokeMethod(ReflectionUtils.java:775)
	at org.junit.platform.commons.support.ReflectionSupport.invokeMethod(ReflectionSupport.java:479)
	at org.junit.jupiter.engine.execution.MethodInvocation.proceed(MethodInvocation.java:60)
	at org.junit.jupiter.engine.execution.InvocationInterceptorChain$ValidatingInvocation.proceed(InvocationInterceptorChain.java:131)
	at org.junit.jupiter.engine.extension.TimeoutExtension.intercept(TimeoutExtension.java:161)
	at org.junit.jupiter.engine.extension.TimeoutExtension.interceptTestableMethod(TimeoutExtension.java:152)
	at org.junit.jupiter.engine.extension.TimeoutExtension.interceptTestMethod(TimeoutExtension.java:91)
	at org.junit.jupiter.engine.execution.InterceptingExecutableInvoker$ReflectiveInterceptorCall.lambda$ofVoidMethod$0(InterceptingExecutableInvoker.java:112)
	at org.junit.jupiter.engine.execution.InterceptingExecutableInvoker.lambda$invoke$0(InterceptingExecutableInvoker.java:94)
	at org.junit.jupiter.engine.execution.InvocationInterceptorChain$InterceptedInvocation.proceed(InvocationInterceptorChain.java:106)
	at org.junit.jupiter.engine.execution.InvocationInterceptorChain.proceed(InvocationInterceptorChain.java:64)
	at org.junit.jupiter.engine.execution.InvocationInterceptorChain.chainAndInvoke(InvocationInterceptorChain.java:45)
	at org.junit.jupiter.engine.execution.InvocationInterceptorChain.invoke(InvocationInterceptorChain.java:37)
	at org.junit.jupiter.engine.execution.InterceptingExecutableInvoker.invoke(InterceptingExecutableInvoker.java:93)
	at org.junit.jupiter.engine.execution.InterceptingExecutableInvoker.invoke(InterceptingExecutableInvoker.java:87)
	at org.junit.jupiter.engine.descriptor.TestMethodTestDescriptor.lambda$invokeTestMethod$7(TestMethodTestDescriptor.java:216)
	at org.junit.platform.engine.support.hierarchical.ThrowableCollector.execute(ThrowableCollector.java:73)
	at org.junit.jupiter.engine.descriptor.TestMethodTestDescriptor.invokeTestMethod(TestMethodTestDescriptor.java:212)
	at org.junit.jupiter.engine.descriptor.TestMethodTestDescriptor.execute(TestMethodTestDescriptor.java:137)
	at org.junit.jupiter.engine.descriptor.TestMethodTestDescriptor.execute(TestMethodTestDescriptor.java:69)
	at org.junit.platform.engine.support.hierarchical.NodeTestTask.lambda$executeRecursively$6(NodeTestTask.java:156)
	at org.junit.platform.engine.support.hierarchical.ThrowableCollector.execute(ThrowableCollector.java:73)
	at org.junit.platform.engine.support.hierarchical.NodeTestTask.lambda$executeRecursively$8(NodeTestTask.java:146)
	at org.junit.platform.engine.support.hierarchical.Node.around(Node.java:137)
	at org.junit.platform.engine.support.hierarchical.NodeTestTask.lambda$executeRecursively$9(NodeTestTask.java:144)
	at org.junit.platform.engine.support.hierarchical.ThrowableCollector.execute(ThrowableCollector.java:73)
	at org.junit.platform.engine.support.hierarchical.NodeTestTask.executeRecursively(NodeTestTask.java:143)
	at org.junit.platform.engine.support.hierarchical.NodeTestTask.execute(NodeTestTask.java:100)
	at java.base/java.util.ArrayList.forEach(ArrayList.java:1511)
	at org.junit.platform.engine.support.hierarchical.SameThreadHierarchicalTestExecutorService.invokeAll(SameThreadHierarchicalTestExecutorService.java:41)
	at org.junit.platform.engine.support.hierarchical.NodeTestTask.lambda$executeRecursively$6(NodeTestTask.java:160)
	at org.junit.platform.engine.support.hierarchical.ThrowableCollector.execute(ThrowableCollector.java:73)
	at org.junit.platform.engine.support.hierarchical.NodeTestTask.lambda$executeRecursively$8(NodeTestTask.java:146)
	at org.junit.platform.engine.support.hierarchical.Node.around(Node.java:137)
	at org.junit.platform.engine.support.hierarchical.NodeTestTask.lambda$executeRecursively$9(NodeTestTask.java:144)
	at org.junit.platform.engine.support.hierarchical.ThrowableCollector.execute(ThrowableCollector.java:73)
	at org.junit.platform.engine.support.hierarchical.NodeTestTask.executeRecursively(NodeTestTask.java:143)
	at org.junit.platform.engine.support.hierarchical.NodeTestTask.execute(NodeTestTask.java:100)
	at java.base/java.util.ArrayList.forEach(ArrayList.java:1511)
	at org.junit.platform.engine.support.hierarchical.SameThreadHierarchicalTestExecutorService.invokeAll(SameThreadHierarchicalTestExecutorService.java:41)
	at org.junit.platform.engine.support.hierarchical.NodeTestTask.lambda$executeRecursively$6(NodeTestTask.java:160)
	at org.junit.platform.engine.support.hierarchical.ThrowableCollector.execute(ThrowableCollector.java:73)
	at org.junit.platform.engine.support.hierarchical.NodeTestTask.lambda$executeRecursively$8(NodeTestTask.java:146)
	at org.junit.platform.engine.support.hierarchical.Node.around(Node.java:137)
	at org.junit.platform.engine.support.hierarchical.NodeTestTask.lambda$executeRecursively$9(NodeTestTask.java:144)
	at org.junit.platform.engine.support.hierarchical.ThrowableCollector.execute(ThrowableCollector.java:73)
	at org.junit.platform.engine.support.hierarchical.NodeTestTask.executeRecursively(NodeTestTask.java:143)
	at org.junit.platform.engine.support.hierarchical.NodeTestTask.execute(NodeTestTask.java:100)
	at org.junit.platform.engine.support.hierarchical.SameThreadHierarchicalTestExecutorService.submit(SameThreadHierarchicalTestExecutorService.java:35)
	at org.junit.platform.engine.support.hierarchical.HierarchicalTestExecutor.execute(HierarchicalTestExecutor.java:57)
	at org.junit.platform.engine.support.hierarchical.HierarchicalTestEngine.execute(HierarchicalTestEngine.java:54)
	at org.junit.platform.launcher.core.EngineExecutionOrchestrator.execute(EngineExecutionOrchestrator.java:201)
	at org.junit.platform.launcher.core.EngineExecutionOrchestrator.execute(EngineExecutionOrchestrator.java:170)
	at org.junit.platform.launcher.core.EngineExecutionOrchestrator.execute(EngineExecutionOrchestrator.java:94)
	at org.junit.platform.launcher.core.EngineExecutionOrchestrator.lambda$execute$0(EngineExecutionOrchestrator.java:59)
	at org.junit.platform.launcher.core.EngineExecutionOrchestrator.withInterceptedStreams(EngineExecutionOrchestrator.java:142)
	at org.junit.platform.launcher.core.EngineExecutionOrchestrator.execute(EngineExecutionOrchestrator.java:58)
	at org.junit.platform.launcher.core.DefaultLauncher.execute(DefaultLauncher.java:103)
	at org.junit.platform.launcher.core.DefaultLauncher.execute(DefaultLauncher.java:85)
	at org.junit.platform.launcher.core.DelegatingLauncher.execute(DelegatingLauncher.java:47)
	at org.junit.platform.launcher.core.InterceptingLauncher.lambda$execute$1(InterceptingLauncher.java:39)
	at org.junit.platform.launcher.core.ClasspathAlignmentCheckingLauncherInterceptor.intercept(ClasspathAlignmentCheckingLauncherInterceptor.java:25)
	at org.junit.platform.launcher.core.InterceptingLauncher.execute(InterceptingLauncher.java:38)
	at org.junit.platform.launcher.core.DelegatingLauncher.execute(DelegatingLauncher.java:47)
	at org.gradle.api.internal.tasks.testing.junitplatform.JUnitPlatformTestClassProcessor$CollectAllTestClassesExecutor.processAllTestClasses(JUnitPlatformTestClassProcessor.java:124)
	at org.gradle.api.internal.tasks.testing.junitplatform.JUnitPlatformTestClassProcessor$CollectAllTestClassesExecutor.access$000(JUnitPlatformTestClassProcessor.java:99)
	at org.gradle.api.internal.tasks.testing.junitplatform.JUnitPlatformTestClassProcessor.stop(JUnitPlatformTestClassProcessor.java:94)
	at org.gradle.api.internal.tasks.testing.SuiteTestClassProcessor.stop(SuiteTestClassProcessor.java:63)
	at java.base/jdk.internal.reflect.NativeMethodAccessorImpl.invoke0(Native Method)
	at java.base/jdk.internal.reflect.NativeMethodAccessorImpl.invoke(NativeMethodAccessorImpl.java:77)
	at java.base/jdk.internal.reflect.DelegatingMethodAccessorImpl.invoke(DelegatingMethodAccessorImpl.java:43)
	at java.base/java.lang.reflect.Method.invoke(Method.java:569)
	at org.gradle.internal.dispatch.ReflectionDispatch.dispatch(ReflectionDispatch.java:36)
	at org.gradle.internal.dispatch.ReflectionDispatch.dispatch(ReflectionDispatch.java:24)
	at org.gradle.internal.dispatch.ContextClassLoaderDispatch.dispatch(ContextClassLoaderDispatch.java:33)
	at org.gradle.internal.dispatch.ProxyDispatchAdapter$DispatchingInvocationHandler.invoke(ProxyDispatchAdapter.java:92)
	at jdk.proxy1/jdk.proxy1.$Proxy4.stop(Unknown Source)
	at org.gradle.api.internal.tasks.testing.worker.TestWorker$3.run(TestWorker.java:200)
	at org.gradle.api.internal.tasks.testing.worker.TestWorker.executeAndMaintainThreadName(TestWorker.java:132)
	at org.gradle.api.internal.tasks.testing.worker.TestWorker.execute(TestWorker.java:103)
	at org.gradle.api.internal.tasks.testing.worker.TestWorker.execute(TestWorker.java:63)
	at org.gradle.process.internal.worker.child.ActionExecutionWorker.execute(ActionExecutionWorker.java:56)
	at org.gradle.process.internal.worker.child.SystemApplicationClassLoaderWorker.call(SystemApplicationClassLoaderWorker.java:122)
	at org.gradle.process.internal.worker.child.SystemApplicationClassLoaderWorker.call(SystemApplicationClassLoaderWorker.java:72)
	at worker.org.gradle.process.internal.worker.GradleWorkerMain.run(GradleWorkerMain.java:69)
	at worker.org.gradle.process.internal.worker.GradleWorkerMain.main(GradleWorkerMain.java:74)
Caused by: java.lang.RuntimeException: AWS API Error
	at org.example.Usersvc.service.UserSecretsArnService.storeUserSecret(UserSecretsArnService.java:77)
	... 96 more

	at org.example.Usersvc.service.UserSecretsArnServiceTest.storeUserSecret_AWSFailure(UserSecretsArnServiceTest.java:145)
	at java.base/java.lang.reflect.Method.invoke(Method.java:569)
	at java.base/java.util.ArrayList.forEach(ArrayList.java:1511)
	at java.base/java.util.ArrayList.forEach(ArrayList.java:1511)
</failure>
  </testcase>
  <testcase name="ARN 존재 여부를 확인할 수 있다" classname="org.example.Usersvc.service.UserSecretsArnServiceTest" time="0.003"/>
  <testcase name="ARN ID로 단일 ARN 정보를 조회할 수 있다" classname="org.example.Usersvc.service.UserSecretsArnServiceTest" time="0.012"/>
  <testcase name="ARN을 데이터베이스와 AWS에서 성공적으로 삭제할 수 있다" classname="org.example.Usersvc.service.UserSecretsArnServiceTest" time="0.026">
    <failure message="Wanted but not invoked:&#10;eventPublisher.publishEvent(&#10;    &lt;any string&gt;,&#10;    &lt;any&gt;&#10;);&#10;-&gt; at org.example.Usersvc.event.publisher.EventPublisher.publishEvent(EventPublisher.java:36)&#10;&#10;However, there was exactly 1 interaction with this mock:&#10;eventPublisher.publishEvent(&#10;    &quot;SECRET_DELETED&quot;,&#10;    UserSecretsArn(arnId=a83605a0-92a7-4fac-b097-e7d9f7870624, userId=135a9c89-6207-4f21-9190-61f1ed0f4c71, arn=arn:aws:secretsmanager:us-east-1:123456789012:secret:user-key-AbCdEf, arnDescription=Test encryption key, createdAt=2025-08-16T00:04:49.008478)&#10;);&#10;-&gt; at org.example.Usersvc.service.UserSecretsArnService.publishSecretDeletedEvent(UserSecretsArnService.java:394)&#10;&#10;" type="org.mockito.exceptions.verification.WantedButNotInvoked">Wanted but not invoked:
eventPublisher.publishEvent(
    &lt;any string&gt;,
    &lt;any&gt;
);
-&gt; at org.example.Usersvc.event.publisher.EventPublisher.publishEvent(EventPublisher.java:36)

However, there was exactly 1 interaction with this mock:
eventPublisher.publishEvent(
    &quot;SECRET_DELETED&quot;,
    UserSecretsArn(arnId=a83605a0-92a7-4fac-b097-e7d9f7870624, userId=135a9c89-6207-4f21-9190-61f1ed0f4c71, arn=arn:aws:secretsmanager:us-east-1:123456789012:secret:user-key-AbCdEf, arnDescription=Test encryption key, createdAt=2025-08-16T00:04:49.008478)
);
-&gt; at org.example.Usersvc.service.UserSecretsArnService.publishSecretDeletedEvent(UserSecretsArnService.java:394)


	at app//org.example.Usersvc.event.publisher.EventPublisher.publishEvent(EventPublisher.java:36)
	at app//org.example.Usersvc.service.UserSecretsArnServiceTest.deleteSecretsArn_Success(UserSecretsArnServiceTest.java:259)
	at java.base@17.0.13/java.lang.reflect.Method.invoke(Method.java:569)
	at java.base@17.0.13/java.util.ArrayList.forEach(ArrayList.java:1511)
	at java.base@17.0.13/java.util.ArrayList.forEach(ArrayList.java:1511)
</failure>
  </testcase>
  <testcase name="존재하지 않는 ARN 삭제 시 false를 반환한다" classname="org.example.Usersvc.service.UserSecretsArnServiceTest" time="0.006"/>
  <testcase name="ARN 설명을 업데이트할 수 있다" classname="org.example.Usersvc.service.UserSecretsArnServiceTest" time="0.005">
    <failure message="Wanted but not invoked:&#10;eventPublisher.publishEvent(&#10;    &lt;any string&gt;,&#10;    &lt;any&gt;&#10;);&#10;-&gt; at org.example.Usersvc.event.publisher.EventPublisher.publishEvent(EventPublisher.java:36)&#10;&#10;However, there was exactly 1 interaction with this mock:&#10;eventPublisher.publishEvent(&#10;    &quot;SECRET_UPDATED&quot;,&#10;    UserSecretsArn(arnId=da7bb582-cba8-4089-a042-682dcf33bf35, userId=bcdaff9e-76f9-4152-ac51-718eb452f330, arn=arn:aws:secretsmanager:us-east-1:123456789012:secret:user-key-AbCdEf, arnDescription=Updated encryption key description, createdAt=2025-08-16T00:04:49.041480800)&#10;);&#10;-&gt; at org.example.Usersvc.service.UserSecretsArnService.publishSecretUpdatedEvent(UserSecretsArnService.java:410)&#10;&#10;" type="org.mockito.exceptions.verification.WantedButNotInvoked">Wanted but not invoked:
eventPublisher.publishEvent(
    &lt;any string&gt;,
    &lt;any&gt;
);
-&gt; at org.example.Usersvc.event.publisher.EventPublisher.publishEvent(EventPublisher.java:36)

However, there was exactly 1 interaction with this mock:
eventPublisher.publishEvent(
    &quot;SECRET_UPDATED&quot;,
    UserSecretsArn(arnId=da7bb582-cba8-4089-a042-682dcf33bf35, userId=bcdaff9e-76f9-4152-ac51-718eb452f330, arn=arn:aws:secretsmanager:us-east-1:123456789012:secret:user-key-AbCdEf, arnDescription=Updated encryption key description, createdAt=2025-08-16T00:04:49.041480800)
);
-&gt; at org.example.Usersvc.service.UserSecretsArnService.publishSecretUpdatedEvent(UserSecretsArnService.java:410)


	at app//org.example.Usersvc.event.publisher.EventPublisher.publishEvent(EventPublisher.java:36)
	at app//org.example.Usersvc.service.UserSecretsArnServiceTest.updateArnDescription_Success(UserSecretsArnServiceTest.java:328)
	at java.base@17.0.13/java.lang.reflect.Method.invoke(Method.java:569)
	at java.base@17.0.13/java.util.ArrayList.forEach(ArrayList.java:1511)
	at java.base@17.0.13/java.util.ArrayList.forEach(ArrayList.java:1511)
</failure>
  </testcase>
  <testcase name="사용자 키를 AWS Secrets Manager에 저장하고 ARN을 데이터베이스에 저장할 수 있다" classname="org.example.Usersvc.service.UserSecretsArnServiceTest" time="0.011">
    <failure message="org.opentest4j.AssertionFailedError: &#13;&#10;expected: &quot;User's personal encryption key&quot;&#13;&#10; but was: &quot;Test encryption key&quot;" type="org.opentest4j.AssertionFailedError">org.opentest4j.AssertionFailedError: 
expected: &quot;User's personal encryption key&quot;
 but was: &quot;Test encryption key&quot;
	at app//org.example.Usersvc.service.UserSecretsArnServiceTest.storeUserSecret_Success(UserSecretsArnServiceTest.java:115)
	at java.base@17.0.13/java.lang.reflect.Method.invoke(Method.java:569)
	at java.base@17.0.13/java.util.ArrayList.forEach(ArrayList.java:1511)
	at java.base@17.0.13/java.util.ArrayList.forEach(ArrayList.java:1511)
</failure>
  </testcase>
  <testcase name="ARN을 사용하여 AWS에서 시크릿 값을 조회할 수 있다" classname="org.example.Usersvc.service.UserSecretsArnServiceTest" time="0.004"/>
  <testcase name="사용자별 ARN 개수를 조회할 수 있다" classname="org.example.Usersvc.service.UserSecretsArnServiceTest" time="0.003"/>
  <testcase name="사용자별 ARN 목록을 조회할 수 있다" classname="org.example.Usersvc.service.UserSecretsArnServiceTest" time="0.041"/>
  <testcase name="존재하지 않는 ARN ID로 조회 시 빈 결과를 반환한다" classname="org.example.Usersvc.service.UserSecretsArnServiceTest" time="0.004"/>
  <testcase name="잘못된 입력 파라미터에 대해 예외가 발생한다" classname="org.example.Usersvc.service.UserSecretsArnServiceTest" time="0.005"/>
  <system-out><![CDATA[2025-08-16 00:04:48.945 [Test worker] INFO  [,] o.e.U.service.UserSecretsArnService - 사용자 암호화 키 저장 시작 - userId: 4236bed2-9499-4e5c-b075-23ea3774cda4, secretName: test-key
2025-08-16 00:04:48.947 [Test worker] ERROR [,] o.e.U.service.UserSecretsArnService - 사용자 키 저장 중 예기치 않은 오류 발생 - userId: 4236bed2-9499-4e5c-b075-23ea3774cda4, secretName: test-key
java.lang.RuntimeException: AWS API Error
	at org.example.Usersvc.service.UserSecretsArnService.storeUserSecret(UserSecretsArnService.java:77) ~[main/:na]
	at org.example.Usersvc.service.UserSecretsArnServiceTest.lambda$storeUserSecret_AWSFailure$0(UserSecretsArnServiceTest.java:142) ~[test/:na]
	at org.assertj.core.api.ThrowableAssert.catchThrowable(ThrowableAssert.java:63) ~[assertj-core-3.27.3.jar:na]
	at org.assertj.core.api.AssertionsForClassTypes.catchThrowable(AssertionsForClassTypes.java:904) ~[assertj-core-3.27.3.jar:na]
	at org.assertj.core.api.Assertions.catchThrowable(Assertions.java:1472) ~[assertj-core-3.27.3.jar:na]
	at org.assertj.core.api.Assertions.assertThatThrownBy(Assertions.java:1315) ~[assertj-core-3.27.3.jar:na]
	at org.example.Usersvc.service.UserSecretsArnServiceTest.storeUserSecret_AWSFailure(UserSecretsArnServiceTest.java:141) ~[test/:na]
	at java.base/jdk.internal.reflect.NativeMethodAccessorImpl.invoke0(Native Method) ~[na:na]
	at java.base/jdk.internal.reflect.NativeMethodAccessorImpl.invoke(NativeMethodAccessorImpl.java:77) ~[na:na]
	at java.base/jdk.internal.reflect.DelegatingMethodAccessorImpl.invoke(DelegatingMethodAccessorImpl.java:43) ~[na:na]
	at java.base/java.lang.reflect.Method.invoke(Method.java:569) ~[na:na]
	at org.junit.platform.commons.util.ReflectionUtils.invokeMethod(ReflectionUtils.java:775) ~[junit-platform-commons-1.12.2.jar:1.12.2]
	at org.junit.platform.commons.support.ReflectionSupport.invokeMethod(ReflectionSupport.java:479) ~[junit-platform-commons-1.12.2.jar:1.12.2]
	at org.junit.jupiter.engine.execution.MethodInvocation.proceed(MethodInvocation.java:60) ~[junit-jupiter-engine-5.12.2.jar:5.12.2]
	at org.junit.jupiter.engine.execution.InvocationInterceptorChain$ValidatingInvocation.proceed(InvocationInterceptorChain.java:131) ~[junit-jupiter-engine-5.12.2.jar:5.12.2]
	at org.junit.jupiter.engine.extension.TimeoutExtension.intercept(TimeoutExtension.java:161) ~[junit-jupiter-engine-5.12.2.jar:5.12.2]
	at org.junit.jupiter.engine.extension.TimeoutExtension.interceptTestableMethod(TimeoutExtension.java:152) ~[junit-jupiter-engine-5.12.2.jar:5.12.2]
	at org.junit.jupiter.engine.extension.TimeoutExtension.interceptTestMethod(TimeoutExtension.java:91) ~[junit-jupiter-engine-5.12.2.jar:5.12.2]
	at org.junit.jupiter.engine.execution.InterceptingExecutableInvoker$ReflectiveInterceptorCall.lambda$ofVoidMethod$0(InterceptingExecutableInvoker.java:112) ~[junit-jupiter-engine-5.12.2.jar:5.12.2]
	at org.junit.jupiter.engine.execution.InterceptingExecutableInvoker.lambda$invoke$0(InterceptingExecutableInvoker.java:94) ~[junit-jupiter-engine-5.12.2.jar:5.12.2]
	at org.junit.jupiter.engine.execution.InvocationInterceptorChain$InterceptedInvocation.proceed(InvocationInterceptorChain.java:106) ~[junit-jupiter-engine-5.12.2.jar:5.12.2]
	at org.junit.jupiter.engine.execution.InvocationInterceptorChain.proceed(InvocationInterceptorChain.java:64) ~[junit-jupiter-engine-5.12.2.jar:5.12.2]
	at org.junit.jupiter.engine.execution.InvocationInterceptorChain.chainAndInvoke(InvocationInterceptorChain.java:45) ~[junit-jupiter-engine-5.12.2.jar:5.12.2]
	at org.junit.jupiter.engine.execution.InvocationInterceptorChain.invoke(InvocationInterceptorChain.java:37) ~[junit-jupiter-engine-5.12.2.jar:5.12.2]
	at org.junit.jupiter.engine.execution.InterceptingExecutableInvoker.invoke(InterceptingExecutableInvoker.java:93) ~[junit-jupiter-engine-5.12.2.jar:5.12.2]
	at org.junit.jupiter.engine.execution.InterceptingExecutableInvoker.invoke(InterceptingExecutableInvoker.java:87) ~[junit-jupiter-engine-5.12.2.jar:5.12.2]
	at org.junit.jupiter.engine.descriptor.TestMethodTestDescriptor.lambda$invokeTestMethod$7(TestMethodTestDescriptor.java:216) ~[junit-jupiter-engine-5.12.2.jar:5.12.2]
	at org.junit.platform.engine.support.hierarchical.ThrowableCollector.execute(ThrowableCollector.java:73) ~[junit-platform-engine-1.12.2.jar:1.12.2]
	at org.junit.jupiter.engine.descriptor.TestMethodTestDescriptor.invokeTestMethod(TestMethodTestDescriptor.java:212) ~[junit-jupiter-engine-5.12.2.jar:5.12.2]
	at org.junit.jupiter.engine.descriptor.TestMethodTestDescriptor.execute(TestMethodTestDescriptor.java:137) ~[junit-jupiter-engine-5.12.2.jar:5.12.2]
	at org.junit.jupiter.engine.descriptor.TestMethodTestDescriptor.execute(TestMethodTestDescriptor.java:69) ~[junit-jupiter-engine-5.12.2.jar:5.12.2]
	at org.junit.platform.engine.support.hierarchical.NodeTestTask.lambda$executeRecursively$6(NodeTestTask.java:156) ~[junit-platform-engine-1.12.2.jar:1.12.2]
	at org.junit.platform.engine.support.hierarchical.ThrowableCollector.execute(ThrowableCollector.java:73) ~[junit-platform-engine-1.12.2.jar:1.12.2]
	at org.junit.platform.engine.support.hierarchical.NodeTestTask.lambda$executeRecursively$8(NodeTestTask.java:146) ~[junit-platform-engine-1.12.2.jar:1.12.2]
	at org.junit.platform.engine.support.hierarchical.Node.around(Node.java:137) ~[junit-platform-engine-1.12.2.jar:1.12.2]
	at org.junit.platform.engine.support.hierarchical.NodeTestTask.lambda$executeRecursively$9(NodeTestTask.java:144) ~[junit-platform-engine-1.12.2.jar:1.12.2]
	at org.junit.platform.engine.support.hierarchical.ThrowableCollector.execute(ThrowableCollector.java:73) ~[junit-platform-engine-1.12.2.jar:1.12.2]
	at org.junit.platform.engine.support.hierarchical.NodeTestTask.executeRecursively(NodeTestTask.java:143) ~[junit-platform-engine-1.12.2.jar:1.12.2]
	at org.junit.platform.engine.support.hierarchical.NodeTestTask.execute(NodeTestTask.java:100) ~[junit-platform-engine-1.12.2.jar:1.12.2]
	at java.base/java.util.ArrayList.forEach(ArrayList.java:1511) ~[na:na]
	at org.junit.platform.engine.support.hierarchical.SameThreadHierarchicalTestExecutorService.invokeAll(SameThreadHierarchicalTestExecutorService.java:41) ~[junit-platform-engine-1.12.2.jar:1.12.2]
	at org.junit.platform.engine.support.hierarchical.NodeTestTask.lambda$executeRecursively$6(NodeTestTask.java:160) ~[junit-platform-engine-1.12.2.jar:1.12.2]
	at org.junit.platform.engine.support.hierarchical.ThrowableCollector.execute(ThrowableCollector.java:73) ~[junit-platform-engine-1.12.2.jar:1.12.2]
	at org.junit.platform.engine.support.hierarchical.NodeTestTask.lambda$executeRecursively$8(NodeTestTask.java:146) ~[junit-platform-engine-1.12.2.jar:1.12.2]
	at org.junit.platform.engine.support.hierarchical.Node.around(Node.java:137) ~[junit-platform-engine-1.12.2.jar:1.12.2]
	at org.junit.platform.engine.support.hierarchical.NodeTestTask.lambda$executeRecursively$9(NodeTestTask.java:144) ~[junit-platform-engine-1.12.2.jar:1.12.2]
	at org.junit.platform.engine.support.hierarchical.ThrowableCollector.execute(ThrowableCollector.java:73) ~[junit-platform-engine-1.12.2.jar:1.12.2]
	at org.junit.platform.engine.support.hierarchical.NodeTestTask.executeRecursively(NodeTestTask.java:143) ~[junit-platform-engine-1.12.2.jar:1.12.2]
	at org.junit.platform.engine.support.hierarchical.NodeTestTask.execute(NodeTestTask.java:100) ~[junit-platform-engine-1.12.2.jar:1.12.2]
	at java.base/java.util.ArrayList.forEach(ArrayList.java:1511) ~[na:na]
	at org.junit.platform.engine.support.hierarchical.SameThreadHierarchicalTestExecutorService.invokeAll(SameThreadHierarchicalTestExecutorService.java:41) ~[junit-platform-engine-1.12.2.jar:1.12.2]
	at org.junit.platform.engine.support.hierarchical.NodeTestTask.lambda$executeRecursively$6(NodeTestTask.java:160) ~[junit-platform-engine-1.12.2.jar:1.12.2]
	at org.junit.platform.engine.support.hierarchical.ThrowableCollector.execute(ThrowableCollector.java:73) ~[junit-platform-engine-1.12.2.jar:1.12.2]
	at org.junit.platform.engine.support.hierarchical.NodeTestTask.lambda$executeRecursively$8(NodeTestTask.java:146) ~[junit-platform-engine-1.12.2.jar:1.12.2]
	at org.junit.platform.engine.support.hierarchical.Node.around(Node.java:137) ~[junit-platform-engine-1.12.2.jar:1.12.2]
	at org.junit.platform.engine.support.hierarchical.NodeTestTask.lambda$executeRecursively$9(NodeTestTask.java:144) ~[junit-platform-engine-1.12.2.jar:1.12.2]
	at org.junit.platform.engine.support.hierarchical.ThrowableCollector.execute(ThrowableCollector.java:73) ~[junit-platform-engine-1.12.2.jar:1.12.2]
	at org.junit.platform.engine.support.hierarchical.NodeTestTask.executeRecursively(NodeTestTask.java:143) ~[junit-platform-engine-1.12.2.jar:1.12.2]
	at org.junit.platform.engine.support.hierarchical.NodeTestTask.execute(NodeTestTask.java:100) ~[junit-platform-engine-1.12.2.jar:1.12.2]
	at org.junit.platform.engine.support.hierarchical.SameThreadHierarchicalTestExecutorService.submit(SameThreadHierarchicalTestExecutorService.java:35) ~[junit-platform-engine-1.12.2.jar:1.12.2]
	at org.junit.platform.engine.support.hierarchical.HierarchicalTestExecutor.execute(HierarchicalTestExecutor.java:57) ~[junit-platform-engine-1.12.2.jar:1.12.2]
	at org.junit.platform.engine.support.hierarchical.HierarchicalTestEngine.execute(HierarchicalTestEngine.java:54) ~[junit-platform-engine-1.12.2.jar:1.12.2]
	at org.junit.platform.launcher.core.EngineExecutionOrchestrator.execute(EngineExecutionOrchestrator.java:201) ~[junit-platform-launcher-1.12.2.jar:1.12.2]
	at org.junit.platform.launcher.core.EngineExecutionOrchestrator.execute(EngineExecutionOrchestrator.java:170) ~[junit-platform-launcher-1.12.2.jar:1.12.2]
	at org.junit.platform.launcher.core.EngineExecutionOrchestrator.execute(EngineExecutionOrchestrator.java:94) ~[junit-platform-launcher-1.12.2.jar:1.12.2]
	at org.junit.platform.launcher.core.EngineExecutionOrchestrator.lambda$execute$0(EngineExecutionOrchestrator.java:59) ~[junit-platform-launcher-1.12.2.jar:1.12.2]
	at org.junit.platform.launcher.core.EngineExecutionOrchestrator.withInterceptedStreams(EngineExecutionOrchestrator.java:142) ~[junit-platform-launcher-1.12.2.jar:1.12.2]
	at org.junit.platform.launcher.core.EngineExecutionOrchestrator.execute(EngineExecutionOrchestrator.java:58) ~[junit-platform-launcher-1.12.2.jar:1.12.2]
	at org.junit.platform.launcher.core.DefaultLauncher.execute(DefaultLauncher.java:103) ~[junit-platform-launcher-1.12.2.jar:1.12.2]
	at org.junit.platform.launcher.core.DefaultLauncher.execute(DefaultLauncher.java:85) ~[junit-platform-launcher-1.12.2.jar:1.12.2]
	at org.junit.platform.launcher.core.DelegatingLauncher.execute(DelegatingLauncher.java:47) ~[junit-platform-launcher-1.12.2.jar:1.12.2]
	at org.junit.platform.launcher.core.InterceptingLauncher.lambda$execute$1(InterceptingLauncher.java:39) ~[junit-platform-launcher-1.12.2.jar:1.12.2]
	at org.junit.platform.launcher.core.ClasspathAlignmentCheckingLauncherInterceptor.intercept(ClasspathAlignmentCheckingLauncherInterceptor.java:25) ~[junit-platform-launcher-1.12.2.jar:1.12.2]
	at org.junit.platform.launcher.core.InterceptingLauncher.execute(InterceptingLauncher.java:38) ~[junit-platform-launcher-1.12.2.jar:1.12.2]
	at org.junit.platform.launcher.core.DelegatingLauncher.execute(DelegatingLauncher.java:47) ~[junit-platform-launcher-1.12.2.jar:1.12.2]
	at org.gradle.api.internal.tasks.testing.junitplatform.JUnitPlatformTestClassProcessor$CollectAllTestClassesExecutor.processAllTestClasses(JUnitPlatformTestClassProcessor.java:124) ~[na:na]
	at org.gradle.api.internal.tasks.testing.junitplatform.JUnitPlatformTestClassProcessor$CollectAllTestClassesExecutor.access$000(JUnitPlatformTestClassProcessor.java:99) ~[na:na]
	at org.gradle.api.internal.tasks.testing.junitplatform.JUnitPlatformTestClassProcessor.stop(JUnitPlatformTestClassProcessor.java:94) ~[na:na]
	at org.gradle.api.internal.tasks.testing.SuiteTestClassProcessor.stop(SuiteTestClassProcessor.java:63) ~[na:na]
	at java.base/jdk.internal.reflect.NativeMethodAccessorImpl.invoke0(Native Method) ~[na:na]
	at java.base/jdk.internal.reflect.NativeMethodAccessorImpl.invoke(NativeMethodAccessorImpl.java:77) ~[na:na]
	at java.base/jdk.internal.reflect.DelegatingMethodAccessorImpl.invoke(DelegatingMethodAccessorImpl.java:43) ~[na:na]
	at java.base/java.lang.reflect.Method.invoke(Method.java:569) ~[na:na]
	at org.gradle.internal.dispatch.ReflectionDispatch.dispatch(ReflectionDispatch.java:36) ~[na:na]
	at org.gradle.internal.dispatch.ReflectionDispatch.dispatch(ReflectionDispatch.java:24) ~[na:na]
	at org.gradle.internal.dispatch.ContextClassLoaderDispatch.dispatch(ContextClassLoaderDispatch.java:33) ~[na:na]
	at org.gradle.internal.dispatch.ProxyDispatchAdapter$DispatchingInvocationHandler.invoke(ProxyDispatchAdapter.java:92) ~[na:na]
	at jdk.proxy1/jdk.proxy1.$Proxy4.stop(Unknown Source) ~[na:na]
	at org.gradle.api.internal.tasks.testing.worker.TestWorker$3.run(TestWorker.java:200) ~[na:na]
	at org.gradle.api.internal.tasks.testing.worker.TestWorker.executeAndMaintainThreadName(TestWorker.java:132) ~[na:na]
	at org.gradle.api.internal.tasks.testing.worker.TestWorker.execute(TestWorker.java:103) ~[na:na]
	at org.gradle.api.internal.tasks.testing.worker.TestWorker.execute(TestWorker.java:63) ~[na:na]
	at org.gradle.process.internal.worker.child.ActionExecutionWorker.execute(ActionExecutionWorker.java:56) ~[na:na]
	at org.gradle.process.internal.worker.child.SystemApplicationClassLoaderWorker.call(SystemApplicationClassLoaderWorker.java:122) ~[na:na]
	at org.gradle.process.internal.worker.child.SystemApplicationClassLoaderWorker.call(SystemApplicationClassLoaderWorker.java:72) ~[na:na]
	at worker.org.gradle.process.internal.worker.GradleWorkerMain.run(GradleWorkerMain.java:69) ~[gradle-worker.jar:na]
	at worker.org.gradle.process.internal.worker.GradleWorkerMain.main(GradleWorkerMain.java:74) ~[gradle-worker.jar:na]
2025-08-16 00:04:48.993 [Test worker] DEBUG [,] o.e.U.service.UserSecretsArnService - ARN 존재 여부 확인 시작 - ARN: arn:aws:secretsmanager:us-east-1:123456789012:secret:user-key-AbCdEf
2025-08-16 00:04:48.993 [Test worker] DEBUG [,] o.e.U.service.UserSecretsArnService - ARN 존재 여부 확인 완료 - ARN: arn:aws:secretsmanager:us-east-1:123456789012:secret:user-key-AbCdEf, exists: true
2025-08-16 00:04:48.995 [Test worker] DEBUG [,] o.e.U.service.UserSecretsArnService - ARN ID로 ARN 정보 조회 시작 - arnId: dcd42285-222f-48d4-99ba-b6423b2b321e
2025-08-16 00:04:48.995 [Test worker] DEBUG [,] o.e.U.service.UserSecretsArnService - ARN ID로 ARN 정보 조회 완료 - arnId: dcd42285-222f-48d4-99ba-b6423b2b321e, found: true
2025-08-16 00:04:49.014 [Test worker] INFO  [,] o.e.U.service.UserSecretsArnService - ARN 삭제 시작 - arnId: a83605a0-92a7-4fac-b097-e7d9f7870624
2025-08-16 00:04:49.015 [Test worker] INFO  [,] o.e.U.service.UserSecretsArnService - AWS Secrets Manager에서 시크릿 삭제 성공 - ARN: arn:aws:secretsmanager:us-east-1:123456789012:secret:user-key-AbCdEf
2025-08-16 00:04:49.015 [Test worker] INFO  [,] o.e.U.service.UserSecretsArnService - 데이터베이스에서 ARN 정보 삭제 성공 - arnId: a83605a0-92a7-4fac-b097-e7d9f7870624
2025-08-16 00:04:49.015 [Test worker] INFO  [,] o.e.U.service.UserSecretsArnService - 키 삭제 성공 이벤트 발행 - userId: 135a9c89-6207-4f21-9190-61f1ed0f4c71, arnId: a83605a0-92a7-4fac-b097-e7d9f7870624
2025-08-16 00:04:49.036 [Test worker] INFO  [,] o.e.U.service.UserSecretsArnService - ARN 삭제 시작 - arnId: non-existent-id
2025-08-16 00:04:49.037 [Test worker] WARN  [,] o.e.U.service.UserSecretsArnService - 삭제하려는 ARN이 존재하지 않음 - arnId: non-existent-id
2025-08-16 00:04:49.041 [Test worker] INFO  [,] o.e.U.service.UserSecretsArnService - ARN 설명 업데이트 시작 - arnId: da7bb582-cba8-4089-a042-682dcf33bf35
2025-08-16 00:04:49.042 [Test worker] INFO  [,] o.e.U.service.UserSecretsArnService - ARN 설명 업데이트 성공 - arnId: da7bb582-cba8-4089-a042-682dcf33bf35
2025-08-16 00:04:49.042 [Test worker] INFO  [,] o.e.U.service.UserSecretsArnService - 키 업데이트 성공 이벤트 발행 - userId: bcdaff9e-76f9-4152-ac51-718eb452f330, arnId: da7bb582-cba8-4089-a042-682dcf33bf35
2025-08-16 00:04:49.048 [Test worker] INFO  [,] o.e.U.service.UserSecretsArnService - 사용자 암호화 키 저장 시작 - userId: 29b25226-76f1-4d0f-817d-fb92e0f71593, secretName: user-29b25226-76f1-4d0f-817d-fb92e0f71593-key
2025-08-16 00:04:49.049 [Test worker] INFO  [,] o.e.U.service.UserSecretsArnService - AWS Secrets Manager에 키 저장 성공 - ARN: arn:aws:secretsmanager:us-east-1:123456789012:secret:user-key-AbCdEf
2025-08-16 00:04:49.049 [Test worker] INFO  [,] o.e.U.service.UserSecretsArnService - ARN 정보 데이터베이스 저장 성공 - arnId: 78d32cc6-d51d-407e-b473-56b516477225
2025-08-16 00:04:49.049 [Test worker] INFO  [,] o.e.U.service.UserSecretsArnService - 키 저장 성공 이벤트 발행 - userId: 29b25226-76f1-4d0f-817d-fb92e0f71593, arnId: 78d32cc6-d51d-407e-b473-56b516477225
2025-08-16 00:04:49.060 [Test worker] DEBUG [,] o.e.U.service.UserSecretsArnService - AWS에서 시크릿 값 조회 시작 - ARN: arn:aws:secretsmanager:us-east-1:123456789012:secret:user-key-AbCdEf
2025-08-16 00:04:49.061 [Test worker] DEBUG [,] o.e.U.service.UserSecretsArnService - AWS에서 시크릿 값 조회 성공 - ARN: arn:aws:secretsmanager:us-east-1:123456789012:secret:user-key-AbCdEf
2025-08-16 00:04:49.063 [Test worker] DEBUG [,] o.e.U.service.UserSecretsArnService - 사용자별 ARN 개수 조회 시작 - userId: 56a5fe20-43e1-43f4-98e5-32b80ee8f4f8
2025-08-16 00:04:49.064 [Test worker] DEBUG [,] o.e.U.service.UserSecretsArnService - 사용자별 ARN 개수 조회 완료 - userId: 56a5fe20-43e1-43f4-98e5-32b80ee8f4f8, count: 3
2025-08-16 00:04:49.066 [Test worker] DEBUG [,] o.e.U.service.UserSecretsArnService - 사용자별 ARN 목록 조회 시작 - userId: a9de46d4-be4e-4a86-a302-f52b63e527e3
2025-08-16 00:04:49.067 [Test worker] DEBUG [,] o.e.U.service.UserSecretsArnService - 사용자별 ARN 목록 조회 완료 - userId: a9de46d4-be4e-4a86-a302-f52b63e527e3, count: 2
2025-08-16 00:04:49.109 [Test worker] DEBUG [,] o.e.U.service.UserSecretsArnService - ARN ID로 ARN 정보 조회 시작 - arnId: non-existent-id
2025-08-16 00:04:49.110 [Test worker] DEBUG [,] o.e.U.service.UserSecretsArnService - ARN ID로 ARN 정보 조회 완료 - arnId: non-existent-id, found: false
2025-08-16 00:04:49.114 [Test worker] INFO  [,] o.e.U.service.UserSecretsArnService - 사용자 암호화 키 저장 시작 - userId: null, secretName: key-name
2025-08-16 00:04:49.115 [Test worker] INFO  [,] o.e.U.service.UserSecretsArnService - 사용자 암호화 키 저장 시작 - userId: 53dc2470-bd9b-463d-b935-c824b74e6c11, secretName: 
2025-08-16 00:04:49.115 [Test worker] INFO  [,] o.e.U.service.UserSecretsArnService - 사용자 암호화 키 저장 시작 - userId: 53dc2470-bd9b-463d-b935-c824b74e6c11, secretName: key-name
]]></system-out>
  <system-err><![CDATA[]]></system-err>
</testsuite>
