<?xml version="1.0" encoding="UTF-8"?>
<testsuite name="org.example.Usersvc.common.response.ApiResponseTest" tests="6" skipped="0" failures="0" errors="0" timestamp="2025-08-15T15:04:36.286Z" hostname="SEOKYEEUN" time="0.276">
  <properties/>
  <testcase name="메시지만 포함한 에러 응답을 생성해야 한다" classname="org.example.Usersvc.common.response.ApiResponseTest" time="0.268"/>
  <testcase name="데이터만 포함한 성공 응답을 생성해야 한다" classname="org.example.Usersvc.common.response.ApiResponseTest" time="0.002"/>
  <testcase name="메시지와 에러 코드를 포함한 에러 응답을 생성해야 한다" classname="org.example.Usersvc.common.response.ApiResponseTest" time="0.0"/>
  <testcase name="데이터와 메시지를 포함한 성공 응답을 생성해야 한다" classname="org.example.Usersvc.common.response.ApiResponseTest" time="0.001"/>
  <testcase name="null 데이터로 성공 응답을 생성해야 한다" classname="org.example.Usersvc.common.response.ApiResponseTest" time="0.0"/>
  <testcase name="데이터 없는 성공 응답을 생성해야 한다" classname="org.example.Usersvc.common.response.ApiResponseTest" time="0.001"/>
  <system-out><![CDATA[]]></system-out>
  <system-err><![CDATA[]]></system-err>
</testsuite>
